Using pre-set license
Built from '2020.3/staging' branch; Version is '2020.3.29f1 (2ff179115da0) revision 3142009'; Using compiler version '192528614'; Build Type 'Release'
OS: 'Windows 10  (10.0.19044) 64bit Core' Language: 'ko' Physical Memory: 32706 MB
BatchMode: 1, IsHumanControllingUs: 0, StartBugReporterOnCrash: 0, Is64bit: 1, IsPro: 0

COMMAND LINE ARGUMENTS:
C:\Program Files\Unity 2020.3.29f1\Editor\Unity.exe
-adb2
-batchMode
-noUpm
-name
AssetImportWorker0
-projectPath
C:/Unity/My project
-logFile
Logs/AssetImportWorker0.log
-srvPort
51398
Successfully changed project path to: C:/Unity/My project
C:/Unity/My project
Using Asset Import Pipeline V2.
Refreshing native plugins compatible for Editor in 24.82 ms, found 2 plugins.
Preloading 0 native plugins for Editor in 0.00 ms.
Initialize engine version: 2020.3.29f1 (2ff179115da0)
[Subsystems] Discovering subsystems at path C:/Program Files/Unity 2020.3.29f1/Editor/Data/Resources/UnitySubsystems
[Subsystems] Discovering subsystems at path C:/Unity/My project/Assets
GfxDevice: creating device client; threaded=0
Direct3D:
    Version:  Direct3D 11.0 [level 11.1]
    Renderer: NVIDIA GeForce RTX 2080 SUPER (ID=0x1e81)
    Vendor:   
    VRAM:     8010 MB
    Driver:   30.0.15.1179
Initialize mono
Mono path[0] = 'C:/Program Files/Unity 2020.3.29f1/Editor/Data/Managed'
Mono path[1] = 'C:/Program Files/Unity 2020.3.29f1/Editor/Data/MonoBleedingEdge/lib/mono/unityjit'
Mono config path = 'C:/Program Files/Unity 2020.3.29f1/Editor/Data/MonoBleedingEdge/etc'
Using monoOptions --debugger-agent=transport=dt_socket,embedding=1,server=y,suspend=n,address=127.0.0.1:56176
Begin MonoManager ReloadAssembly
Registering precompiled unity dll's ...
Register platform support module: C:/Program Files/Unity 2020.3.29f1/Editor/Data/PlaybackEngines/WindowsStandaloneSupport/UnityEditor.WindowsStandalone.Extensions.dll
Registered in 0.002460 seconds.
Native extension for WindowsStandalone target not found
Refreshing native plugins compatible for Editor in 23.46 ms, found 2 plugins.
Preloading 0 native plugins for Editor in 0.00 ms.
Mono: successfully reloaded assembly
- Completed reload, in  0.465 seconds
Domain Reload Profiling:
	ReloadAssembly (465ms)
		BeginReloadAssembly (65ms)
			ExecutionOrderSort (0ms)
			DisableScriptedObjects (0ms)
			BackupInstance (0ms)
			ReleaseScriptingObjects (0ms)
			CreateAndSetChildDomain (1ms)
		EndReloadAssembly (339ms)
			LoadAssemblies (63ms)
			RebuildTransferFunctionScriptingTraits (0ms)
			SetupTypeCache (114ms)
			ReleaseScriptCaches (0ms)
			RebuildScriptCaches (22ms)
			SetupLoadedEditorAssemblies (118ms)
				LogAssemblyErrors (0ms)
				InitializePlatformSupportModulesInManaged (4ms)
				SetLoadedEditorAssemblies (0ms)
				RefreshPlugins (24ms)
				BeforeProcessingInitializeOnLoad (6ms)
				ProcessInitializeOnLoadAttributes (62ms)
				ProcessInitializeOnLoadMethodAttributes (22ms)
				AfterProcessingInitializeOnLoad (0ms)
				EditorAssembliesLoaded (0ms)
			ExecutionOrderSort2 (0ms)
			AwakeInstancesAfterBackupRestoration (0ms)
Platform modules already initialized, skipping
Registering precompiled user dll's ...
Registered in 0.003652 seconds.
Begin MonoManager ReloadAssembly
Native extension for WindowsStandalone target not found
Refreshing native plugins compatible for Editor in 0.27 ms, found 2 plugins.
Preloading 0 native plugins for Editor in 0.00 ms.
Mono: successfully reloaded assembly
- Completed reload, in  0.779 seconds
Domain Reload Profiling:
	ReloadAssembly (780ms)
		BeginReloadAssembly (132ms)
			ExecutionOrderSort (0ms)
			DisableScriptedObjects (4ms)
			BackupInstance (0ms)
			ReleaseScriptingObjects (0ms)
			CreateAndSetChildDomain (14ms)
		EndReloadAssembly (596ms)
			LoadAssemblies (88ms)
			RebuildTransferFunctionScriptingTraits (0ms)
			SetupTypeCache (200ms)
			ReleaseScriptCaches (0ms)
			RebuildScriptCaches (30ms)
			SetupLoadedEditorAssemblies (227ms)
				LogAssemblyErrors (0ms)
				InitializePlatformSupportModulesInManaged (4ms)
				SetLoadedEditorAssemblies (0ms)
				RefreshPlugins (0ms)
				BeforeProcessingInitializeOnLoad (45ms)
				ProcessInitializeOnLoadAttributes (162ms)
				ProcessInitializeOnLoadMethodAttributes (8ms)
				AfterProcessingInitializeOnLoad (8ms)
				EditorAssembliesLoaded (0ms)
			ExecutionOrderSort2 (0ms)
			AwakeInstancesAfterBackupRestoration (5ms)
Platform modules already initialized, skipping
========================================================================
Worker process is ready to serve import requests
Launched and connected shader compiler UnityShaderCompiler.exe after 0.04 seconds
Refreshing native plugins compatible for Editor in 0.27 ms, found 2 plugins.
Preloading 0 native plugins for Editor in 0.00 ms.
Unloading 1505 Unused Serialized files (Serialized files now loaded: 0)
System memory in use before: 67.6 MB.
System memory in use after: 67.7 MB.

Unloading 16 unused Assets to reduce memory usage. Loaded Objects now: 1940.
Total: 2.067400 ms (FindLiveObjects: 0.098400 ms CreateObjectMapping: 0.043100 ms MarkObjects: 1.882000 ms  DeleteObjects: 0.043300 ms)

AssetImportParameters requested are different than current active one (requested -> active):
  custom:framework-win-MediaFoundation: 216162199b28c13a410421893ffa2e32 -> 
  custom:video-decoder-ogg-theora: a1e56fd34408186e4bbccfd4996cb3dc -> 
  custom:container-muxer-webm: aa71ff27fc2769a1b78a27578f13a17b -> 
  custom:container-demuxer-webm: 4f35f7cbe854078d1ac9338744f61a02 -> 
  custom:container-demuxer-ogg: 62fdf1f143b41e24485cea50d1cbac27 -> 
  custom:video-encoder-webm-vp8: eb34c28f22e8b96e1ab97ce403110664 -> 
  custom:video-decoder-webm-vp8: 9c59270c3fd7afecdb556c50c9e8de78 -> 
  custom:audio-decoder-ogg-vorbis: bf7c407c2cedff20999df2af8eb42d56 -> 
  custom:audio-encoder-webm-vorbis: bf7c407c2cedff20999df2af8eb42d56 -> 
========================================================================
Received Import Request.
  path: Assets/dull_helicopter/radar.bmp
  artifactKey: Guid(8c6016d848d0a4c449967fb5e4fcd798) Importer(815301076,1909f56bfc062723c751e8b465ee728b)
Start importing Assets/dull_helicopter/radar.bmp using Guid(8c6016d848d0a4c449967fb5e4fcd798) Importer(815301076,1909f56bfc062723c751e8b465ee728b)  -> (artifact id: '09c51bc261c93cdf73a2d42b30f8a3c7') in 0.052268 seconds 
  Import took 0.054185 seconds .

========================================================================
Received Import Request.
  Time since last request: 0.065346 seconds.
  path: Assets/dull_helicopter/Fencing_Mesh_Blue.png
  artifactKey: Guid(11561e729cd4d0045b01e1d92e090e47) Importer(815301076,1909f56bfc062723c751e8b465ee728b)
Start importing Assets/dull_helicopter/Fencing_Mesh_Blue.png using Guid(11561e729cd4d0045b01e1d92e090e47) Importer(815301076,1909f56bfc062723c751e8b465ee728b)  -> (artifact id: 'f51508b31164f722a4aea43f13471f09') in 0.013596 seconds 
  Import took 0.015525 seconds .

========================================================================
Received Import Request.
  Time since last request: 0.007306 seconds.
  path: Assets/Script/GunController.cs
  artifactKey: Guid(41bc433ff20214a4782ab8c844e864d4) Importer(815301076,1909f56bfc062723c751e8b465ee728b)
Start importing Assets/Script/GunController.cs using Guid(41bc433ff20214a4782ab8c844e864d4) Importer(815301076,1909f56bfc062723c751e8b465ee728b)  -> (artifact id: 'b922b2a655d1f1a88b8c3da802259540') in 0.007925 seconds 
  Import took 0.009758 seconds .

========================================================================
Received Import Request.
  Time since last request: 0.006766 seconds.
  path: Assets/dull_helicopter/_6.jpg
  artifactKey: Guid(b892522e81bd6384fa5972d7269ee1cd) Importer(815301076,1909f56bfc062723c751e8b465ee728b)
Start importing Assets/dull_helicopter/_6.jpg using Guid(b892522e81bd6384fa5972d7269ee1cd) Importer(815301076,1909f56bfc062723c751e8b465ee728b)  -> (artifact id: '8df90f4877816a0ee8f04dffe7f87b10') in 0.011252 seconds 
  Import took 0.013207 seconds .

========================================================================
Received Import Request.
  Time since last request: 0.014666 seconds.
  path: Assets/Scenes/SampleScene.unity
  artifactKey: Guid(9fc0d4010bbf28b4594072e72b8655ab) Importer(815301076,1909f56bfc062723c751e8b465ee728b)
Start importing Assets/Scenes/SampleScene.unity using Guid(9fc0d4010bbf28b4594072e72b8655ab) Importer(815301076,1909f56bfc062723c751e8b465ee728b)  -> (artifact id: '38d769b98b1da498080085a72fcaee05') in 0.005406 seconds 
  Import took 0.007385 seconds .

========================================================================
Received Import Request.
  Time since last request: 0.020084 seconds.
  path: Assets/dull_helicopter/center_panel.bmp
  artifactKey: Guid(9f389e8926710834683521563f9f5f37) Importer(815301076,1909f56bfc062723c751e8b465ee728b)
Start importing Assets/dull_helicopter/center_panel.bmp using Guid(9f389e8926710834683521563f9f5f37) Importer(815301076,1909f56bfc062723c751e8b465ee728b)  -> (artifact id: 'dd2b089b450b6c86c0c9117ef959b8b8') in 0.009138 seconds 
  Import took 0.011088 seconds .

========================================================================
Received Import Request.
  Time since last request: 0.017263 seconds.
  path: Assets/dull_helicopter/_9.jpg
  artifactKey: Guid(02dd299c718746d40b5dab84fef5b007) Importer(815301076,1909f56bfc062723c751e8b465ee728b)
Start importing Assets/dull_helicopter/_9.jpg using Guid(02dd299c718746d40b5dab84fef5b007) Importer(815301076,1909f56bfc062723c751e8b465ee728b)  -> (artifact id: '219ada71ec52c296602c51f27fa35a4e') in 0.010583 seconds 
  Import took 0.012563 seconds .

========================================================================
Received Import Request.
  Time since last request: 0.015149 seconds.
  path: Assets/dull_helicopter/panel4.bmp
  artifactKey: Guid(c11cac8f55b7bed4ea5826144f74015f) Importer(815301076,1909f56bfc062723c751e8b465ee728b)
Start importing Assets/dull_helicopter/panel4.bmp using Guid(c11cac8f55b7bed4ea5826144f74015f) Importer(815301076,1909f56bfc062723c751e8b465ee728b)  -> (artifact id: '381ea3b39cd431fd3ec4ed298c16cacf') in 0.008942 seconds 
  Import took 0.010828 seconds .

========================================================================
Received Import Request.
  Time since last request: 0.007539 seconds.
  path: Assets/dull_helicopter/_7.jpg
  artifactKey: Guid(efae54c4e8dc1fb459907c1f692630f4) Importer(815301076,1909f56bfc062723c751e8b465ee728b)
Start importing Assets/dull_helicopter/_7.jpg using Guid(efae54c4e8dc1fb459907c1f692630f4) Importer(815301076,1909f56bfc062723c751e8b465ee728b)  -> (artifact id: '802880e58daa3bb0aacf4f79ac4c0067') in 0.009160 seconds 
  Import took 0.011062 seconds .

========================================================================
Received Import Request.
  Time since last request: 0.014474 seconds.
  path: Assets/dull_helicopter/panel3.bmp
  artifactKey: Guid(4f08e7c0bde312044a3b0a5f25698966) Importer(815301076,1909f56bfc062723c751e8b465ee728b)
Start importing Assets/dull_helicopter/panel3.bmp using Guid(4f08e7c0bde312044a3b0a5f25698966) Importer(815301076,1909f56bfc062723c751e8b465ee728b)  -> (artifact id: '70db08f3bd32fd62a1d1dabd9a1b2f28') in 0.009042 seconds 
  Import took 0.011003 seconds .

========================================================================
Received Import Request.
  Time since last request: 0.011003 seconds.
  path: Assets/dull_helicopter/_12.png
  artifactKey: Guid(74bee08e262b18b448c9a42fa0a1a3d1) Importer(815301076,1909f56bfc062723c751e8b465ee728b)
Start importing Assets/dull_helicopter/_12.png using Guid(74bee08e262b18b448c9a42fa0a1a3d1) Importer(815301076,1909f56bfc062723c751e8b465ee728b)  -> (artifact id: '92964a2fc63b4c7df54699f7ed926dc5') in 0.008545 seconds 
  Import took 0.010490 seconds .

========================================================================
Received Import Request.
  Time since last request: 0.007889 seconds.
  path: Assets/dull_helicopter/navi.bmp
  artifactKey: Guid(1121756f0f7a9594fbc8ce3576865c6a) Importer(815301076,1909f56bfc062723c751e8b465ee728b)
Start importing Assets/dull_helicopter/navi.bmp using Guid(1121756f0f7a9594fbc8ce3576865c6a) Importer(815301076,1909f56bfc062723c751e8b465ee728b)  -> (artifact id: 'c46fa85e632a857c5f1a225660815d9b') in 0.009170 seconds 
  Import took 0.011119 seconds .

========================================================================
Received Import Request.
  Time since last request: 0.008028 seconds.
  path: Assets/dull_helicopter/main.bmp
  artifactKey: Guid(e926f6ba1bb6e9442a1b726339b892ed) Importer(815301076,1909f56bfc062723c751e8b465ee728b)
Start importing Assets/dull_helicopter/main.bmp using Guid(e926f6ba1bb6e9442a1b726339b892ed) Importer(815301076,1909f56bfc062723c751e8b465ee728b)  -> (artifact id: '92fc822aced76370cd9f555977b0e58a') in 0.008977 seconds 
  Import took 0.010962 seconds .

========================================================================
Received Import Request.
  Time since last request: 0.007653 seconds.
  path: Assets/dull_helicopter/lir.bmp
  artifactKey: Guid(2c0c18c7975b6644ea4886c6b8d9c0e3) Importer(815301076,1909f56bfc062723c751e8b465ee728b)
Start importing Assets/dull_helicopter/lir.bmp using Guid(2c0c18c7975b6644ea4886c6b8d9c0e3) Importer(815301076,1909f56bfc062723c751e8b465ee728b)  -> (artifact id: 'f24949897f53c0dc1884fa72a591b33c') in 0.009043 seconds 
  Import took 0.010973 seconds .

========================================================================
Received Import Request.
  Time since last request: 0.007598 seconds.
  path: Assets/dull_helicopter/Sketchy_Lines_Wavy_45_A.jpg
  artifactKey: Guid(f53e2c8db301ee54baeab0e257c2c8ad) Importer(815301076,1909f56bfc062723c751e8b465ee728b)
Start importing Assets/dull_helicopter/Sketchy_Lines_Wavy_45_A.jpg using Guid(f53e2c8db301ee54baeab0e257c2c8ad) Importer(815301076,1909f56bfc062723c751e8b465ee728b)  -> (artifact id: 'd30506ed7f14ee47838fadc65ab24a19') in 0.008430 seconds 
  Import took 0.010417 seconds .

========================================================================
Received Import Request.
  Time since last request: 0.056147 seconds.
  path: Assets/dull_helicopter/M_465.bmp
  artifactKey: Guid(1a5f5b9aad332684eb085760ce7a084f) Importer(815301076,1909f56bfc062723c751e8b465ee728b)
Start importing Assets/dull_helicopter/M_465.bmp using Guid(1a5f5b9aad332684eb085760ce7a084f) Importer(815301076,1909f56bfc062723c751e8b465ee728b)  -> (artifact id: 'ac88719a125cd5b414681cbdb963de94') in 0.009271 seconds 
  Import took 0.011230 seconds .

========================================================================
Received Import Request.
  Time since last request: 0.008030 seconds.
  path: Assets/dull_helicopter/Material11.bmp
  artifactKey: Guid(ae26fb3bf33a87c47b244aaa3b101a93) Importer(815301076,1909f56bfc062723c751e8b465ee728b)
Start importing Assets/dull_helicopter/Material11.bmp using Guid(ae26fb3bf33a87c47b244aaa3b101a93) Importer(815301076,1909f56bfc062723c751e8b465ee728b)  -> (artifact id: 'a83158665ca73d106594becbce86e2ca') in 0.008589 seconds 
  Import took 0.010511 seconds .

========================================================================
Received Import Request.
  Time since last request: 0.007685 seconds.
  path: Assets/dull_helicopter/_Asphalt_New_1.jpg
  artifactKey: Guid(53dcf2ab41610a84f9d234630dc77b6f) Importer(815301076,1909f56bfc062723c751e8b465ee728b)
Start importing Assets/dull_helicopter/_Asphalt_New_1.jpg using Guid(53dcf2ab41610a84f9d234630dc77b6f) Importer(815301076,1909f56bfc062723c751e8b465ee728b)  -> (artifact id: 'aa0531c62d64477c4224cc19a28fde84') in 0.009653 seconds 
  Import took 0.011525 seconds .

========================================================================
Received Import Request.
  Time since last request: 0.007523 seconds.
  path: Assets/dull_helicopter/r_sssside.bmp
  artifactKey: Guid(15370da975a5f8e4eb26782d1c80fd04) Importer(815301076,1909f56bfc062723c751e8b465ee728b)
Start importing Assets/dull_helicopter/r_sssside.bmp using Guid(15370da975a5f8e4eb26782d1c80fd04) Importer(815301076,1909f56bfc062723c751e8b465ee728b)  -> (artifact id: '89535a905dc2ceee69479cbca421624c') in 0.008200 seconds 
  Import took 0.010097 seconds .

========================================================================
Received Import Request.
  Time since last request: 0.035442 seconds.
  path: Assets/dull_helicopter/alt.bmp
  artifactKey: Guid(8db80ee58e6d2b34cb2d511ffe9cedcd) Importer(815301076,1909f56bfc062723c751e8b465ee728b)
Start importing Assets/dull_helicopter/alt.bmp using Guid(8db80ee58e6d2b34cb2d511ffe9cedcd) Importer(815301076,1909f56bfc062723c751e8b465ee728b)  -> (artifact id: 'f01faabe07279b68bbe1d605525922d5') in 0.008128 seconds 
  Import took 0.010052 seconds .

========================================================================
Received Import Request.
  Time since last request: 0.007670 seconds.
  path: Assets/dull_helicopter/sit.bmp
  artifactKey: Guid(304bd36eee797824991364aeadbaee02) Importer(815301076,1909f56bfc062723c751e8b465ee728b)
Start importing Assets/dull_helicopter/sit.bmp using Guid(304bd36eee797824991364aeadbaee02) Importer(815301076,1909f56bfc062723c751e8b465ee728b)  -> (artifact id: '31cfc5ee98ddf5732cc09493d2fa19ff') in 0.008225 seconds 
  Import took 0.010151 seconds .

========================================================================
Received Import Request.
  Time since last request: 0.007394 seconds.
  path: Assets/dull_helicopter/panel_five.bmp
  artifactKey: Guid(7d09adb2dc75c974b89c95f8b89c33fd) Importer(815301076,1909f56bfc062723c751e8b465ee728b)
Start importing Assets/dull_helicopter/panel_five.bmp using Guid(7d09adb2dc75c974b89c95f8b89c33fd) Importer(815301076,1909f56bfc062723c751e8b465ee728b)  -> (artifact id: '56f6727dd8d7fe8169e77e9f83311b25') in 0.008801 seconds 
  Import took 0.010709 seconds .

========================================================================
Received Import Request.
  Time since last request: 0.007612 seconds.
  path: Assets/dull_helicopter/side.bmp
  artifactKey: Guid(4c901a38c11a2e04097c7b86d2afaa02) Importer(815301076,1909f56bfc062723c751e8b465ee728b)
Start importing Assets/dull_helicopter/side.bmp using Guid(4c901a38c11a2e04097c7b86d2afaa02) Importer(815301076,1909f56bfc062723c751e8b465ee728b)  -> (artifact id: 'a39ee1e8f0993c72a3c2f13358d166dc') in 0.008409 seconds 
  Import took 0.010350 seconds .

========================================================================
Received Import Request.
  Time since last request: 0.007456 seconds.
  path: Assets/dull_helicopter/gauge.bmp
  artifactKey: Guid(874a68ab621a930459f79745cd6d6c11) Importer(815301076,1909f56bfc062723c751e8b465ee728b)
Start importing Assets/dull_helicopter/gauge.bmp using Guid(874a68ab621a930459f79745cd6d6c11) Importer(815301076,1909f56bfc062723c751e8b465ee728b)  -> (artifact id: 'c3a54bbbe2074aae57d0ab060bedeabb') in 0.008238 seconds 
  Import took 0.010191 seconds .

AssetImportWorkerClient::OnTransportError - code=2 error=End of file
